<?xml version="1.0" encoding="UTF-8"?>
<TestRun id="f8807bc4-331f-4a6c-aa2e-283c87a1ffc9" name="Przemek@PRZEMEK-PC 2011-06-07 23:27:36" runUser="PRZEMEK-PC\Przemek" xmlns="http://microsoft.com/schemas/VisualStudio/TeamTest/2010">
  <TestSettings name="Local" id="7fb36c14-15e6-4256-bf84-55fadce86cd6">
    <Description>These are default test settings for a local test run.</Description>
    <Deployment enabled="false" runDeploymentRoot="Przemek_PRZEMEK-PC 2011-06-07 23_27_36">
      <DeploymentItem filename="C:\Users\Przemek\Documents\Visual Studio 2010\Projects\Copulation\Copulation.Tests\Rhino.Mocks.dll" />
      <DeploymentItem filename="C:\Users\Przemek\Documents\Visual Studio 2010\Projects\Copulation\Copulation\bin\Debug\Copulation.exe" />
    </Deployment>
    <Execution>
      <TestTypeSpecific />
      <AgentRule name="Execution Agents">
      </AgentRule>
    </Execution>
  </TestSettings>
  <Times creation="2011-06-07T23:27:36.4174579+02:00" queuing="2011-06-07T23:27:36.4804615+02:00" start="2011-06-07T23:27:36.5064630+02:00" finish="2011-06-07T23:27:37.5405221+02:00" />
  <ResultSummary outcome="Failed">
    <Counters total="1" executed="1" error="0" failed="1" timeout="0" aborted="0" inconclusive="0" passedButRunAborted="0" notRunnable="0" notExecuted="0" disconnected="0" warning="0" passed="0" completed="0" inProgress="0" pending="0" />
  </ResultSummary>
  <TestDefinitions>
    <UnitTest name="UnloadPluginAndFilterByName" storage="c:\users\przemek\documents\visual studio 2010\projects\copulation\copulation.tests\bin\debug\copulation.tests.dll" id="8faf9c6e-c09d-5cc0-8306-46142c6e2537">
      <Execution id="d51fb061-7fce-41e1-ab2f-9310fb646a50" />
      <TestMethod codeBase="C:/Users/Przemek/Documents/Visual Studio 2010/Projects/Copulation/Copulation.Tests/bin/Debug/Copulation.Tests.DLL" adapterTypeName="Microsoft.VisualStudio.TestTools.TestTypes.Unit.UnitTestAdapter, Microsoft.VisualStudio.QualityTools.Tips.UnitTest.Adapter, Version=10.0.0.0, Culture=neutral, PublicKeyToken=b03f5f7f11d50a3a" className="Copulation.Tests.PluginManagerModelTest, Copulation.Tests, Version=1.0.0.0, Culture=neutral, PublicKeyToken=null" name="UnloadPluginAndFilterByName" />
    </UnitTest>
  </TestDefinitions>
  <TestLists>
    <TestList name="Results Not in a List" id="8c84fa94-04c1-424b-9868-57a2d4851a1d" />
    <TestList name="All Loaded Results" id="19431567-8539-422a-85d7-44ee4e166bda" />
  </TestLists>
  <TestEntries>
    <TestEntry testId="8faf9c6e-c09d-5cc0-8306-46142c6e2537" executionId="d51fb061-7fce-41e1-ab2f-9310fb646a50" testListId="8c84fa94-04c1-424b-9868-57a2d4851a1d" />
  </TestEntries>
  <Results>
    <UnitTestResult executionId="d51fb061-7fce-41e1-ab2f-9310fb646a50" testId="8faf9c6e-c09d-5cc0-8306-46142c6e2537" testName="UnloadPluginAndFilterByName" computerName="PRZEMEK-PC" duration="00:00:00.4694528" startTime="2011-06-07T23:27:36.5624662+02:00" endTime="2011-06-07T23:27:37.4585174+02:00" testType="13cdc9d9-ddb5-4fa4-a97d-d965ccfc6d4b" outcome="Failed" testListId="8c84fa94-04c1-424b-9868-57a2d4851a1d" relativeResultsDirectory="d51fb061-7fce-41e1-ab2f-9310fb646a50">
      <Output>
        <ErrorInfo>
          <Message>Test method Copulation.Tests.PluginManagerModelTest.UnloadPluginAndFilterByName threw exception: 
System.IndexOutOfRangeException: Index was outside the bounds of the array.</Message>
          <StackTrace>    at Copulation.Models.PluginManagerModel.UnloadPluginBy(Int32 index) in C:\Users\Przemek\Documents\Visual Studio 2010\Projects\Copulation\Copulation\Models\PluginManagerModel.cs:line 101
   at Copulation.Tests.PluginManagerModelTest.UnloadPluginAndFilterByName() in C:\Users\Przemek\Documents\Visual Studio 2010\Projects\Copulation\Copulation.Tests\PluginManagerModelTest.cs:line 174
</StackTrace>
        </ErrorInfo>
      </Output>
    </UnitTestResult>
  </Results>
</TestRun>