<?xml version="1.0" encoding="UTF-8"?>
<TestRun id="2eb3b0a3-e933-45ab-a966-875e5c2fb2e9" name="Przemek@PRZEMEK-PC 2011-06-07 23:36:39" runUser="PRZEMEK-PC\Przemek" xmlns="http://microsoft.com/schemas/VisualStudio/TeamTest/2010">
  <TestSettings name="Local" id="7fb36c14-15e6-4256-bf84-55fadce86cd6">
    <Description>These are default test settings for a local test run.</Description>
    <Deployment enabled="false" runDeploymentRoot="Przemek_PRZEMEK-PC 2011-06-07 23_36_39">
      <DeploymentItem filename="C:\Users\Przemek\Documents\Visual Studio 2010\Projects\Copulation\Copulation.Tests\Rhino.Mocks.dll" />
      <DeploymentItem filename="C:\Users\Przemek\Documents\Visual Studio 2010\Projects\Copulation\Copulation\bin\Debug\Copulation.exe" />
    </Deployment>
    <Execution>
      <TestTypeSpecific />
      <AgentRule name="Execution Agents">
      </AgentRule>
    </Execution>
  </TestSettings>
  <Times creation="2011-06-07T23:36:39.1254990+02:00" queuing="2011-06-07T23:36:39.1885026+02:00" start="2011-06-07T23:36:39.2075037+02:00" finish="2011-06-07T23:36:40.1885598+02:00" />
  <ResultSummary outcome="Failed">
    <Counters total="1" executed="1" error="0" failed="1" timeout="0" aborted="0" inconclusive="0" passedButRunAborted="0" notRunnable="0" notExecuted="0" disconnected="0" warning="0" passed="0" completed="0" inProgress="0" pending="0" />
  </ResultSummary>
  <TestDefinitions>
    <UnitTest name="UnloadPluginAndFilterByName" storage="c:\users\przemek\documents\visual studio 2010\projects\copulation\copulation.tests\bin\debug\copulation.tests.dll" id="8faf9c6e-c09d-5cc0-8306-46142c6e2537">
      <Execution id="a8646655-3bd5-4bbc-98ea-f8be189074e7" />
      <TestMethod codeBase="C:/Users/Przemek/Documents/Visual Studio 2010/Projects/Copulation/Copulation.Tests/bin/Debug/Copulation.Tests.DLL" adapterTypeName="Microsoft.VisualStudio.TestTools.TestTypes.Unit.UnitTestAdapter, Microsoft.VisualStudio.QualityTools.Tips.UnitTest.Adapter, Version=10.0.0.0, Culture=neutral, PublicKeyToken=b03f5f7f11d50a3a" className="Copulation.Tests.PluginManagerModelTest, Copulation.Tests, Version=1.0.0.0, Culture=neutral, PublicKeyToken=null" name="UnloadPluginAndFilterByName" />
    </UnitTest>
  </TestDefinitions>
  <TestLists>
    <TestList name="Results Not in a List" id="8c84fa94-04c1-424b-9868-57a2d4851a1d" />
    <TestList name="All Loaded Results" id="19431567-8539-422a-85d7-44ee4e166bda" />
  </TestLists>
  <TestEntries>
    <TestEntry testId="8faf9c6e-c09d-5cc0-8306-46142c6e2537" executionId="a8646655-3bd5-4bbc-98ea-f8be189074e7" testListId="8c84fa94-04c1-424b-9868-57a2d4851a1d" />
  </TestEntries>
  <Results>
    <UnitTestResult executionId="a8646655-3bd5-4bbc-98ea-f8be189074e7" testId="8faf9c6e-c09d-5cc0-8306-46142c6e2537" testName="UnloadPluginAndFilterByName" computerName="PRZEMEK-PC" duration="00:00:00.4290447" startTime="2011-06-07T23:36:39.2225046+02:00" endTime="2011-06-07T23:36:40.1095553+02:00" testType="13cdc9d9-ddb5-4fa4-a97d-d965ccfc6d4b" outcome="Failed" testListId="8c84fa94-04c1-424b-9868-57a2d4851a1d" relativeResultsDirectory="a8646655-3bd5-4bbc-98ea-f8be189074e7">
      <Output>
        <ErrorInfo>
          <Message>Test method Copulation.Tests.PluginManagerModelTest.UnloadPluginAndFilterByName threw exception: 
System.InvalidOperationException: This action is invalid when the mock object {Copulation.Views.IPluginManagerView} is in record state.</Message>
          <StackTrace>    at Rhino.Mocks.Impl.RecordMockState.get_VerifyState()
   at Rhino.Mocks.MockRepository.Verify(Object obj)
   at Rhino.Mocks.MockRepository.VerifyAll()
   at Copulation.Tests.PluginManagerModelTest.UnloadPluginAndFilterByName() in C:\Users\Przemek\Documents\Visual Studio 2010\Projects\Copulation\Copulation.Tests\PluginManagerModelTest.cs:line 183
</StackTrace>
        </ErrorInfo>
      </Output>
    </UnitTestResult>
  </Results>
</TestRun>