<?xml version="1.0" encoding="UTF-8"?>
<TestRun id="89ec52d8-707c-4087-a024-f52558ea5e9c" name="Przemek@PRZEMEK-PC 2011-06-07 23:35:06" runUser="PRZEMEK-PC\Przemek" xmlns="http://microsoft.com/schemas/VisualStudio/TeamTest/2010">
  <TestSettings name="Local" id="7fb36c14-15e6-4256-bf84-55fadce86cd6">
    <Description>These are default test settings for a local test run.</Description>
    <Deployment enabled="false" runDeploymentRoot="Przemek_PRZEMEK-PC 2011-06-07 23_35_06">
      <DeploymentItem filename="C:\Users\Przemek\Documents\Visual Studio 2010\Projects\Copulation\Copulation.Tests\Rhino.Mocks.dll" />
      <DeploymentItem filename="C:\Users\Przemek\Documents\Visual Studio 2010\Projects\Copulation\Copulation\bin\Debug\Copulation.exe" />
    </Deployment>
    <Execution>
      <TestTypeSpecific />
      <AgentRule name="Execution Agents">
      </AgentRule>
    </Execution>
  </TestSettings>
  <Times creation="2011-06-07T23:35:06.0611761+02:00" queuing="2011-06-07T23:35:06.1321801+02:00" start="2011-06-07T23:35:06.1461809+02:00" finish="2011-06-07T23:35:07.1792400+02:00" />
  <ResultSummary outcome="Failed">
    <Counters total="1" executed="1" error="0" failed="1" timeout="0" aborted="0" inconclusive="0" passedButRunAborted="0" notRunnable="0" notExecuted="0" disconnected="0" warning="0" passed="0" completed="0" inProgress="0" pending="0" />
  </ResultSummary>
  <TestDefinitions>
    <UnitTest name="UnloadPluginAndFilterByName" storage="c:\users\przemek\documents\visual studio 2010\projects\copulation\copulation.tests\bin\debug\copulation.tests.dll" id="8faf9c6e-c09d-5cc0-8306-46142c6e2537">
      <Execution id="4ad662be-41e4-4b5c-86f0-2c3c9165fb5b" />
      <TestMethod codeBase="C:/Users/Przemek/Documents/Visual Studio 2010/Projects/Copulation/Copulation.Tests/bin/Debug/Copulation.Tests.DLL" adapterTypeName="Microsoft.VisualStudio.TestTools.TestTypes.Unit.UnitTestAdapter, Microsoft.VisualStudio.QualityTools.Tips.UnitTest.Adapter, Version=10.0.0.0, Culture=neutral, PublicKeyToken=b03f5f7f11d50a3a" className="Copulation.Tests.PluginManagerModelTest, Copulation.Tests, Version=1.0.0.0, Culture=neutral, PublicKeyToken=null" name="UnloadPluginAndFilterByName" />
    </UnitTest>
  </TestDefinitions>
  <TestLists>
    <TestList name="Results Not in a List" id="8c84fa94-04c1-424b-9868-57a2d4851a1d" />
    <TestList name="All Loaded Results" id="19431567-8539-422a-85d7-44ee4e166bda" />
  </TestLists>
  <TestEntries>
    <TestEntry testId="8faf9c6e-c09d-5cc0-8306-46142c6e2537" executionId="4ad662be-41e4-4b5c-86f0-2c3c9165fb5b" testListId="8c84fa94-04c1-424b-9868-57a2d4851a1d" />
  </TestEntries>
  <Results>
    <UnitTestResult executionId="4ad662be-41e4-4b5c-86f0-2c3c9165fb5b" testId="8faf9c6e-c09d-5cc0-8306-46142c6e2537" testName="UnloadPluginAndFilterByName" computerName="PRZEMEK-PC" duration="00:00:00.4237494" startTime="2011-06-07T23:35:06.1801829+02:00" endTime="2011-06-07T23:35:07.1052358+02:00" testType="13cdc9d9-ddb5-4fa4-a97d-d965ccfc6d4b" outcome="Failed" testListId="8c84fa94-04c1-424b-9868-57a2d4851a1d" relativeResultsDirectory="4ad662be-41e4-4b5c-86f0-2c3c9165fb5b">
      <Output>
        <ErrorInfo>
          <Message>Test method Copulation.Tests.PluginManagerModelTest.UnloadPluginAndFilterByName threw exception: 
System.InvalidOperationException: Cannot assert on an object that is not in replay mode. Did you forget to call ReplayAll() ?</Message>
          <StackTrace>    at Rhino.Mocks.RhinoMocksExtensions.GetExpectationsToVerify[T](T mock, Action`1 action, Action`1 setupConstraints)
   at Rhino.Mocks.RhinoMocksExtensions.AssertWasCalled[T](T mock, Action`1 action, Action`1 setupConstraints)
   at Rhino.Mocks.RhinoMocksExtensions.AssertWasCalled[T](T mock, Action`1 action)
   at Copulation.Tests.PluginManagerModelTest.UnloadPluginAndFilterByName() in C:\Users\Przemek\Documents\Visual Studio 2010\Projects\Copulation\Copulation.Tests\PluginManagerModelTest.cs:line 162
</StackTrace>
        </ErrorInfo>
      </Output>
    </UnitTestResult>
  </Results>
</TestRun>